# JRE version: Java(TM) SE Runtime Environment (21.0.6+8) (build 21.0.6+8-LTS-188)
# Java VM: Java HotSpot(TM) 64-Bit Server VM (21.0.6+8-LTS-188, mixed mode, emulated-client, sharing, tiered, compressed oops, compressed class ptrs, g1 gc, windows-amd64)
GC Precious Log:
 CardTable entry size: 512
 Card Set container configuration: InlinePtr #cards 4 size 8 Array Of Cards #cards 16 size 48 Howl #buckets 8 coarsen threshold 3686 Howl Bitmap #cards 512 size 80 coarsen threshold 460 Card regions per heap region 1 cards per card region 4096
 CPUs: 8 total, 8 available
 Memory: 16118M
 Large Page Support: Disabled
 NUMA Support: Disabled
 Compressed Oops: Enabled (Zero based)
 Heap Region Size: 2M
 Heap Min Capacity: 8M
 Heap Initial Capacity: 252M
 Heap Max Capacity: 4030M
 Pre-touch: Disabled
 Parallel Workers: 8
 Concurrent Workers: 2
 Concurrent Refinement Workers: 8
 Periodic GC: Disabled
Heap:
 garbage-first heap   total 112640K, used 49599K [0x0000000704200000, 0x0000000800000000)
  region size 2048K, 2 young (4096K), 2 survivors (4096K)
 Metaspace       used 78012K, committed 78848K, reserved 1179648K
  class space    used 11246K, committed 11584K, reserved 1048576K
GC Heap History (20 events):
Event: 11.048 GC heap after
{Heap after GC invocations=12 (full 0):
 garbage-first heap   total 96256K, used 29703K [0x0000000704200000, 0x0000000800000000)
  region size 2048K, 4 young (8192K), 4 survivors (8192K)
 Metaspace       used 59409K, committed 59968K, reserved 1114112K
  class space    used 8211K, committed 8448K, reserved 1048576K
}
Event: 11.084 GC heap before
{Heap before GC invocations=12 (full 0):
 garbage-first heap   total 96256K, used 29703K [0x0000000704200000, 0x0000000800000000)
  region size 2048K, 5 young (10240K), 4 survivors (8192K)
 Metaspace       used 59621K, committed 60288K, reserved 1114112K
  class space    used 8260K, committed 8576K, reserved 1048576K
}
Event: 11.088 GC heap after
{Heap after GC invocations=13 (full 0):
 garbage-first heap   total 96256K, used 29813K [0x0000000704200000, 0x0000000800000000)
  region size 2048K, 2 young (4096K), 2 survivors (4096K)
 Metaspace       used 59621K, committed 60288K, reserved 1114112K
  class space    used 8260K, committed 8576K, reserved 1048576K
}
Event: 12.218 GC heap before
{Heap before GC invocations=14 (full 0):
 garbage-first heap   total 96256K, used 81013K [0x0000000704200000, 0x0000000800000000)
  region size 2048K, 28 young (57344K), 2 survivors (4096K)
 Metaspace       used 65855K, committed 66624K, reserved 1114112K
  class space    used 9315K, committed 9664K, reserved 1048576K
}
Event: 12.223 GC heap after
{Heap after GC invocations=15 (full 0):
 garbage-first heap   total 96256K, used 32381K [0x0000000704200000, 0x0000000800000000)
  region size 2048K, 3 young (6144K), 3 survivors (6144K)
 Metaspace       used 65855K, committed 66624K, reserved 1114112K
  class space    used 9315K, committed 9664K, reserved 1048576K
}
Event: 12.980 GC heap before
{Heap before GC invocations=15 (full 0):
 garbage-first heap   total 96256K, used 79485K [0x0000000704200000, 0x0000000800000000)
  region size 2048K, 27 young (55296K), 3 survivors (6144K)
 Metaspace       used 71392K, committed 72192K, reserved 1114112K
  class space    used 10203K, committed 10560K, reserved 1048576K
}
Event: 12.987 GC heap after
{Heap after GC invocations=16 (full 0):
 garbage-first heap   total 96256K, used 35811K [0x0000000704200000, 0x0000000800000000)
  region size 2048K, 4 young (8192K), 4 survivors (8192K)
 Metaspace       used 71392K, committed 72192K, reserved 1114112K
  class space    used 10203K, committed 10560K, reserved 1048576K
}
Event: 13.297 GC heap before
{Heap before GC invocations=16 (full 0):
 garbage-first heap   total 96256K, used 78819K [0x0000000704200000, 0x0000000800000000)
  region size 2048K, 25 young (51200K), 4 survivors (8192K)
 Metaspace       used 74543K, committed 75328K, reserved 1114112K
  class space    used 10745K, committed 11072K, reserved 1048576K
}
Event: 13.302 GC heap after
{Heap after GC invocations=17 (full 0):
 garbage-first heap   total 96256K, used 38030K [0x0000000704200000, 0x0000000800000000)
  region size 2048K, 3 young (6144K), 3 survivors (6144K)
 Metaspace       used 74543K, committed 75328K, reserved 1114112K
  class space    used 10745K, committed 11072K, reserved 1048576K
}
Event: 13.498 GC heap before
{Heap before GC invocations=17 (full 0):
 garbage-first heap   total 96256K, used 83086K [0x0000000704200000, 0x0000000800000000)
  region size 2048K, 25 young (51200K), 3 survivors (6144K)
 Metaspace       used 74757K, committed 75584K, reserved 1114112K
  class space    used 10765K, committed 11136K, reserved 1048576K
}
Event: 13.503 GC heap after
{Heap after GC invocations=18 (full 0):
 garbage-first heap   total 96256K, used 39141K [0x0000000704200000, 0x0000000800000000)
  region size 2048K, 2 young (4096K), 2 survivors (4096K)
 Metaspace       used 74757K, committed 75584K, reserved 1114112K
  class space    used 10765K, committed 11136K, reserved 1048576K
}
Event: 13.609 GC heap before
{Heap before GC invocations=19 (full 0):
 garbage-first heap   total 96256K, used 84197K [0x0000000704200000, 0x0000000800000000)
  region size 2048K, 24 young (49152K), 2 survivors (4096K)
 Metaspace       used 74771K, committed 75584K, reserved 1114112K
  class space    used 10766K, committed 11136K, reserved 1048576K
}
Event: 13.612 GC heap after
{Heap after GC invocations=20 (full 0):
 garbage-first heap   total 96256K, used 42221K [0x0000000704200000, 0x0000000800000000)
  region size 2048K, 3 young (6144K), 3 survivors (6144K)
 Metaspace       used 74771K, committed 75584K, reserved 1114112K
  class space    used 10766K, committed 11136K, reserved 1048576K
}
Event: 13.728 GC heap before
{Heap before GC invocations=20 (full 0):
 garbage-first heap   total 96256K, used 83181K [0x0000000704200000, 0x0000000800000000)
  region size 2048K, 23 young (47104K), 3 survivors (6144K)
 Metaspace       used 74856K, committed 75648K, reserved 1114112K
  class space    used 10789K, committed 11136K, reserved 1048576K
}
Event: 13.734 GC heap after
{Heap after GC invocations=21 (full 0):
 garbage-first heap   total 98304K, used 46406K [0x0000000704200000, 0x0000000800000000)
  region size 2048K, 3 young (6144K), 3 survivors (6144K)
 Metaspace       used 74856K, committed 75648K, reserved 1114112K
  class space    used 10789K, committed 11136K, reserved 1048576K
}
Event: 13.818 GC heap before
{Heap before GC invocations=21 (full 0):
 garbage-first heap   total 98304K, used 83270K [0x0000000704200000, 0x0000000800000000)
  region size 2048K, 21 young (43008K), 3 survivors (6144K)
 Metaspace       used 74856K, committed 75648K, reserved 1114112K
  class space    used 10789K, committed 11136K, reserved 1048576K
}
Event: 13.821 GC heap after
{Heap after GC invocations=22 (full 0):
 garbage-first heap   total 98304K, used 49208K [0x0000000704200000, 0x0000000800000000)
  region size 2048K, 2 young (4096K), 2 survivors (4096K)
 Metaspace       used 74856K, committed 75648K, reserved 1114112K
  class space    used 10789K, committed 11136K, reserved 1048576K
}
Event: 13.939 GC heap before
{Heap before GC invocations=23 (full 0):
 garbage-first heap   total 112640K, used 84024K [0x0000000704200000, 0x0000000800000000)
  region size 2048K, 19 young (38912K), 2 survivors (4096K)
 Metaspace       used 74856K, committed 75648K, reserved 1114112K
  class space    used 10789K, committed 11136K, reserved 1048576K
}
Event: 13.942 GC heap after
{Heap after GC invocations=24 (full 0):
 garbage-first heap   total 112640K, used 52018K [0x0000000704200000, 0x0000000800000000)
  region size 2048K, 3 young (6144K), 3 survivors (6144K)
 Metaspace       used 74856K, committed 75648K, reserved 1114112K
  class space    used 10789K, committed 11136K, reserved 1048576K
}
Event: 14.516 GC heap before
{Heap before GC invocations=24 (full 0):
 garbage-first heap   total 112640K, used 97074K [0x0000000704200000, 0x0000000800000000)
  region size 2048K, 25 young (51200K), 3 survivors (6144K)
 Metaspace       used 78012K, committed 78848K, reserved 1179648K
  class space    used 11246K, committed 11584K, reserved 1048576K
}

