# JRE version: Java(TM) SE Runtime Environment (21.0.6+8) (build 21.0.6+8-LTS-188)
# Java VM: Java HotSpot(TM) 64-Bit Server VM (21.0.6+8-LTS-188, mixed mode, emulated-client, sharing, tiered, compressed oops, compressed class ptrs, g1 gc, windows-amd64)
GC Precious Log:
 CardTable entry size: 512
 Card Set container configuration: InlinePtr #cards 4 size 8 Array Of Cards #cards 16 size 48 Howl #buckets 8 coarsen threshold 3686 Howl Bitmap #cards 512 size 80 coarsen threshold 460 Card regions per heap region 1 cards per card region 4096
 CPUs: 8 total, 8 available
 Memory: 16118M
 Large Page Support: Disabled
 NUMA Support: Disabled
 Compressed Oops: Enabled (Zero based)
 Heap Region Size: 2M
 Heap Min Capacity: 8M
 Heap Initial Capacity: 252M
 Heap Max Capacity: 4030M
 Pre-touch: Disabled
 Parallel Workers: 8
 Concurrent Workers: 2
 Concurrent Refinement Workers: 8
 Periodic GC: Disabled
Heap:
 garbage-first heap   total 102400K, used 76840K [0x0000000704200000, 0x0000000800000000)
  region size 2048K, 13 young (26624K), 3 survivors (6144K)
 Metaspace       used 76775K, committed 77568K, reserved 1179648K
  class space    used 11119K, committed 11456K, reserved 1048576K
GC Heap History (20 events):
Event: 2.838 GC heap before
{Heap before GC invocations=9 (full 0):
 garbage-first heap   total 83968K, used 66118K [0x0000000704200000, 0x0000000800000000)
  region size 2048K, 22 young (45056K), 2 survivors (4096K)
 Metaspace       used 39031K, committed 39680K, reserved 1114112K
  class space    used 5468K, committed 5760K, reserved 1048576K
}
Event: 2.842 GC heap after
{Heap after GC invocations=10 (full 0):
 garbage-first heap   total 83968K, used 27646K [0x0000000704200000, 0x0000000800000000)
  region size 2048K, 3 young (6144K), 3 survivors (6144K)
 Metaspace       used 39031K, committed 39680K, reserved 1114112K
  class space    used 5468K, committed 5760K, reserved 1048576K
}
Event: 3.797 GC heap before
{Heap before GC invocations=10 (full 0):
 garbage-first heap   total 83968K, used 66558K [0x0000000704200000, 0x0000000800000000)
  region size 2048K, 22 young (45056K), 3 survivors (6144K)
 Metaspace       used 52277K, committed 52992K, reserved 1114112K
  class space    used 7265K, committed 7616K, reserved 1048576K
}
Event: 3.801 GC heap after
{Heap after GC invocations=11 (full 0):
 garbage-first heap   total 83968K, used 29964K [0x0000000704200000, 0x0000000800000000)
  region size 2048K, 3 young (6144K), 3 survivors (6144K)
 Metaspace       used 52277K, committed 52992K, reserved 1114112K
  class space    used 7265K, committed 7616K, reserved 1048576K
}
Event: 4.057 GC heap before
{Heap before GC invocations=11 (full 0):
 garbage-first heap   total 83968K, used 50444K [0x0000000704200000, 0x0000000800000000)
  region size 2048K, 14 young (28672K), 3 survivors (6144K)
 Metaspace       used 56140K, committed 56768K, reserved 1114112K
  class space    used 7778K, committed 8064K, reserved 1048576K
}
Event: 4.061 GC heap after
{Heap after GC invocations=12 (full 0):
 garbage-first heap   total 83968K, used 31275K [0x0000000704200000, 0x0000000800000000)
  region size 2048K, 1 young (2048K), 1 survivors (2048K)
 Metaspace       used 56140K, committed 56768K, reserved 1114112K
  class space    used 7778K, committed 8064K, reserved 1048576K
}
Event: 4.516 GC heap before
{Heap before GC invocations=13 (full 0):
 garbage-first heap   total 83968K, used 70187K [0x0000000704200000, 0x0000000800000000)
  region size 2048K, 20 young (40960K), 1 survivors (2048K)
 Metaspace       used 63436K, committed 64128K, reserved 1114112K
  class space    used 8959K, committed 9280K, reserved 1048576K
}
Event: 4.519 GC heap after
{Heap after GC invocations=14 (full 0):
 garbage-first heap   total 83968K, used 32519K [0x0000000704200000, 0x0000000800000000)
  region size 2048K, 2 young (4096K), 2 survivors (4096K)
 Metaspace       used 63436K, committed 64128K, reserved 1114112K
  class space    used 8959K, committed 9280K, reserved 1048576K
}
Event: 4.883 GC heap before
{Heap before GC invocations=14 (full 0):
 garbage-first heap   total 83968K, used 71431K [0x0000000704200000, 0x0000000800000000)
  region size 2048K, 21 young (43008K), 2 survivors (4096K)
 Metaspace       used 67935K, committed 68672K, reserved 1114112K
  class space    used 9583K, committed 9920K, reserved 1048576K
}
Event: 4.887 GC heap after
{Heap after GC invocations=15 (full 0):
 garbage-first heap   total 83968K, used 34731K [0x0000000704200000, 0x0000000800000000)
  region size 2048K, 3 young (6144K), 3 survivors (6144K)
 Metaspace       used 67935K, committed 68672K, reserved 1114112K
  class space    used 9583K, committed 9920K, reserved 1048576K
}
Event: 5.286 GC heap before
{Heap before GC invocations=15 (full 0):
 garbage-first heap   total 83968K, used 69547K [0x0000000704200000, 0x0000000800000000)
  region size 2048K, 20 young (40960K), 3 survivors (6144K)
 Metaspace       used 71743K, committed 72512K, reserved 1114112K
  class space    used 10120K, committed 10432K, reserved 1048576K
}
Event: 5.290 GC heap after
{Heap after GC invocations=16 (full 0):
 garbage-first heap   total 83968K, used 37547K [0x0000000704200000, 0x0000000800000000)
  region size 2048K, 3 young (6144K), 3 survivors (6144K)
 Metaspace       used 71743K, committed 72512K, reserved 1114112K
  class space    used 10120K, committed 10432K, reserved 1048576K
}
Event: 5.566 GC heap before
{Heap before GC invocations=16 (full 0):
 garbage-first heap   total 83968K, used 68267K [0x0000000704200000, 0x0000000800000000)
  region size 2048K, 19 young (38912K), 3 survivors (6144K)
 Metaspace       used 75582K, committed 76352K, reserved 1114112K
  class space    used 10922K, committed 11264K, reserved 1048576K
}
Event: 5.570 GC heap after
{Heap after GC invocations=17 (full 0):
 garbage-first heap   total 102400K, used 40417K [0x0000000704200000, 0x0000000800000000)
  region size 2048K, 3 young (6144K), 3 survivors (6144K)
 Metaspace       used 75582K, committed 76352K, reserved 1114112K
  class space    used 10922K, committed 11264K, reserved 1048576K
}
Event: 5.754 GC heap before
{Heap before GC invocations=18 (full 0):
 garbage-first heap   total 102400K, used 89569K [0x0000000704200000, 0x0000000800000000)
  region size 2048K, 27 young (55296K), 3 survivors (6144K)
 Metaspace       used 76644K, committed 77440K, reserved 1179648K
  class space    used 11104K, committed 11456K, reserved 1048576K
}
Event: 5.759 GC heap after
{Heap after GC invocations=19 (full 0):
 garbage-first heap   total 102400K, used 45373K [0x0000000704200000, 0x0000000800000000)
  region size 2048K, 4 young (8192K), 4 survivors (8192K)
 Metaspace       used 76644K, committed 77440K, reserved 1179648K
  class space    used 11104K, committed 11456K, reserved 1048576K
}
Event: 5.825 GC heap before
{Heap before GC invocations=19 (full 0):
 garbage-first heap   total 102400K, used 84285K [0x0000000704200000, 0x0000000800000000)
  region size 2048K, 24 young (49152K), 4 survivors (8192K)
 Metaspace       used 76645K, committed 77440K, reserved 1179648K
  class space    used 11104K, committed 11456K, reserved 1048576K
}
Event: 5.831 GC heap after
{Heap after GC invocations=20 (full 0):
 garbage-first heap   total 102400K, used 49394K [0x0000000704200000, 0x0000000800000000)
  region size 2048K, 3 young (6144K), 3 survivors (6144K)
 Metaspace       used 76645K, committed 77440K, reserved 1179648K
  class space    used 11104K, committed 11456K, reserved 1048576K
}
Event: 5.917 GC heap before
{Heap before GC invocations=20 (full 0):
 garbage-first heap   total 102400K, used 84210K [0x0000000704200000, 0x0000000800000000)
  region size 2048K, 20 young (40960K), 3 survivors (6144K)
 Metaspace       used 76771K, committed 77568K, reserved 1179648K
  class space    used 11119K, committed 11456K, reserved 1048576K
}
Event: 5.923 GC heap after
{Heap after GC invocations=21 (full 0):
 garbage-first heap   total 102400K, used 58408K [0x0000000704200000, 0x0000000800000000)
  region size 2048K, 3 young (6144K), 3 survivors (6144K)
 Metaspace       used 76771K, committed 77568K, reserved 1179648K
  class space    used 11119K, committed 11456K, reserved 1048576K
}

