# JRE version: Java(TM) SE Runtime Environment (21.0.6+8) (build 21.0.6+8-LTS-188)
# Java VM: Java HotSpot(TM) 64-Bit Server VM (21.0.6+8-LTS-188, mixed mode, emulated-client, sharing, tiered, compressed oops, compressed class ptrs, g1 gc, windows-amd64)
GC Precious Log:
 CardTable entry size: 512
 Card Set container configuration: InlinePtr #cards 4 size 8 Array Of Cards #cards 16 size 48 Howl #buckets 8 coarsen threshold 3686 Howl Bitmap #cards 512 size 80 coarsen threshold 460 Card regions per heap region 1 cards per card region 4096
 CPUs: 8 total, 8 available
 Memory: 16118M
 Large Page Support: Disabled
 NUMA Support: Disabled
 Compressed Oops: Enabled (Zero based)
 Heap Region Size: 2M
 Heap Min Capacity: 8M
 Heap Initial Capacity: 252M
 Heap Max Capacity: 4030M
 Pre-touch: Disabled
 Parallel Workers: 8
 Concurrent Workers: 2
 Concurrent Refinement Workers: 8
 Periodic GC: Disabled
Heap:
 garbage-first heap   total 141312K, used 68411K [0x0000000704200000, 0x0000000800000000)
  region size 2048K, 4 young (8192K), 4 survivors (8192K)
 Metaspace       used 77272K, committed 78080K, reserved 1179648K
  class space    used 11158K, committed 11520K, reserved 1048576K
GC Heap History (20 events):
Event: 3.975 GC heap after
{Heap after GC invocations=12 (full 0):
 garbage-first heap   total 96256K, used 31005K [0x0000000704200000, 0x0000000800000000)
  region size 2048K, 3 young (6144K), 3 survivors (6144K)
 Metaspace       used 55652K, committed 56320K, reserved 1114112K
  class space    used 7726K, committed 8064K, reserved 1048576K
}
Event: 4.472 GC heap before
{Heap before GC invocations=13 (full 0):
 garbage-first heap   total 96256K, used 78109K [0x0000000704200000, 0x0000000800000000)
  region size 2048K, 27 young (55296K), 3 survivors (6144K)
 Metaspace       used 63521K, committed 64192K, reserved 1114112K
  class space    used 8971K, committed 9280K, reserved 1048576K
}
Event: 4.475 GC heap after
{Heap after GC invocations=14 (full 0):
 garbage-first heap   total 96256K, used 32143K [0x0000000704200000, 0x0000000800000000)
  region size 2048K, 3 young (6144K), 3 survivors (6144K)
 Metaspace       used 63521K, committed 64192K, reserved 1114112K
  class space    used 8971K, committed 9280K, reserved 1048576K
}
Event: 4.977 GC heap before
{Heap before GC invocations=14 (full 0):
 garbage-first heap   total 96256K, used 81295K [0x0000000704200000, 0x0000000800000000)
  region size 2048K, 28 young (57344K), 3 survivors (6144K)
 Metaspace       used 70986K, committed 71744K, reserved 1114112K
  class space    used 10019K, committed 10368K, reserved 1048576K
}
Event: 4.985 GC heap after
{Heap after GC invocations=15 (full 0):
 garbage-first heap   total 98304K, used 36382K [0x0000000704200000, 0x0000000800000000)
  region size 2048K, 4 young (8192K), 4 survivors (8192K)
 Metaspace       used 70986K, committed 71744K, reserved 1114112K
  class space    used 10019K, committed 10368K, reserved 1048576K
}
Event: 5.360 GC heap before
{Heap before GC invocations=15 (full 0):
 garbage-first heap   total 98304K, used 81438K [0x0000000704200000, 0x0000000800000000)
  region size 2048K, 26 young (53248K), 4 survivors (8192K)
 Metaspace       used 75537K, committed 76352K, reserved 1114112K
  class space    used 10918K, committed 11264K, reserved 1048576K
}
Event: 5.365 GC heap after
{Heap after GC invocations=16 (full 0):
 garbage-first heap   total 98304K, used 40251K [0x0000000704200000, 0x0000000800000000)
  region size 2048K, 2 young (4096K), 2 survivors (4096K)
 Metaspace       used 75537K, committed 76352K, reserved 1114112K
  class space    used 10918K, committed 11264K, reserved 1048576K
}
Event: 5.512 GC heap before
{Heap before GC invocations=16 (full 0):
 garbage-first heap   total 98304K, used 85307K [0x0000000704200000, 0x0000000800000000)
  region size 2048K, 24 young (49152K), 2 survivors (4096K)
 Metaspace       used 76994K, committed 77824K, reserved 1179648K
  class space    used 11100K, committed 11456K, reserved 1048576K
}
Event: 5.516 GC heap after
{Heap after GC invocations=17 (full 0):
 garbage-first heap   total 118784K, used 42839K [0x0000000704200000, 0x0000000800000000)
  region size 2048K, 2 young (4096K), 2 survivors (4096K)
 Metaspace       used 76994K, committed 77824K, reserved 1179648K
  class space    used 11100K, committed 11456K, reserved 1048576K
}
Event: 5.629 GC heap before
{Heap before GC invocations=18 (full 0):
 garbage-first heap   total 118784K, used 102231K [0x0000000704200000, 0x0000000800000000)
  region size 2048K, 31 young (63488K), 2 survivors (4096K)
 Metaspace       used 76995K, committed 77824K, reserved 1179648K
  class space    used 11100K, committed 11456K, reserved 1048576K
}
Event: 5.636 GC heap after
{Heap after GC invocations=19 (full 0):
 garbage-first heap   total 118784K, used 55296K [0x0000000704200000, 0x0000000800000000)
  region size 2048K, 4 young (8192K), 4 survivors (8192K)
 Metaspace       used 76995K, committed 77824K, reserved 1179648K
  class space    used 11100K, committed 11456K, reserved 1048576K
}
Event: 5.736 GC heap before
{Heap before GC invocations=19 (full 0):
 garbage-first heap   total 118784K, used 96256K [0x0000000704200000, 0x0000000800000000)
  region size 2048K, 24 young (49152K), 4 survivors (8192K)
 Metaspace       used 77062K, committed 77824K, reserved 1179648K
  class space    used 11124K, committed 11456K, reserved 1048576K
}
Event: 5.741 GC heap after
{Heap after GC invocations=20 (full 0):
 garbage-first heap   total 118784K, used 57344K [0x0000000704200000, 0x0000000800000000)
  region size 2048K, 1 young (2048K), 1 survivors (2048K)
 Metaspace       used 77062K, committed 77824K, reserved 1179648K
  class space    used 11124K, committed 11456K, reserved 1048576K
}
Event: 5.809 GC heap before
{Heap before GC invocations=20 (full 0):
 garbage-first heap   total 118784K, used 100352K [0x0000000704200000, 0x0000000800000000)
  region size 2048K, 22 young (45056K), 1 survivors (2048K)
 Metaspace       used 77067K, committed 77824K, reserved 1179648K
  class space    used 11125K, committed 11456K, reserved 1048576K
}
Event: 5.814 GC heap after
{Heap after GC invocations=21 (full 0):
 garbage-first heap   total 118784K, used 62086K [0x0000000704200000, 0x0000000800000000)
  region size 2048K, 3 young (6144K), 3 survivors (6144K)
 Metaspace       used 77067K, committed 77824K, reserved 1179648K
  class space    used 11125K, committed 11456K, reserved 1048576K
}
Event: 5.943 GC heap before
{Heap before GC invocations=22 (full 0):
 garbage-first heap   total 141312K, used 98950K [0x0000000704200000, 0x0000000800000000)
  region size 2048K, 21 young (43008K), 3 survivors (6144K)
 Metaspace       used 77195K, committed 77952K, reserved 1179648K
  class space    used 11146K, committed 11456K, reserved 1048576K
}
Event: 5.947 GC heap after
{Heap after GC invocations=23 (full 0):
 garbage-first heap   total 141312K, used 66523K [0x0000000704200000, 0x0000000800000000)
  region size 2048K, 3 young (6144K), 3 survivors (6144K)
 Metaspace       used 77195K, committed 77952K, reserved 1179648K
  class space    used 11146K, committed 11456K, reserved 1048576K
}
Event: 6.023 GC heap before
{Heap before GC invocations=23 (full 0):
 garbage-first heap   total 141312K, used 113627K [0x0000000704200000, 0x0000000800000000)
  region size 2048K, 26 young (53248K), 3 survivors (6144K)
 Metaspace       used 77195K, committed 77952K, reserved 1179648K
  class space    used 11146K, committed 11456K, reserved 1048576K
}
Event: 6.026 GC heap after
{Heap after GC invocations=24 (full 0):
 garbage-first heap   total 141312K, used 65360K [0x0000000704200000, 0x0000000800000000)
  region size 2048K, 2 young (4096K), 2 survivors (4096K)
 Metaspace       used 77195K, committed 77952K, reserved 1179648K
  class space    used 11146K, committed 11456K, reserved 1048576K
}
Event: 6.138 GC heap before
{Heap before GC invocations=24 (full 0):
 garbage-first heap   total 141312K, used 116560K [0x0000000704200000, 0x0000000800000000)
  region size 2048K, 27 young (55296K), 2 survivors (4096K)
 Metaspace       used 77272K, committed 78080K, reserved 1179648K
  class space    used 11158K, committed 11520K, reserved 1048576K
}

