# JRE version: Java(TM) SE Runtime Environment (21.0.6+8) (build 21.0.6+8-LTS-188)
# Java VM: Java HotSpot(TM) 64-Bit Server VM (21.0.6+8-LTS-188, mixed mode, emulated-client, sharing, tiered, compressed oops, compressed class ptrs, g1 gc, windows-amd64)
GC Precious Log:
 CardTable entry size: 512
 Card Set container configuration: InlinePtr #cards 4 size 8 Array Of Cards #cards 16 size 48 Howl #buckets 8 coarsen threshold 3686 Howl Bitmap #cards 512 size 80 coarsen threshold 460 Card regions per heap region 1 cards per card region 4096
 CPUs: 8 total, 8 available
 Memory: 16118M
 Large Page Support: Disabled
 NUMA Support: Disabled
 Compressed Oops: Enabled (Zero based)
 Heap Region Size: 2M
 Heap Min Capacity: 8M
 Heap Initial Capacity: 252M
 Heap Max Capacity: 4030M
 Pre-touch: Disabled
 Parallel Workers: 8
 Concurrent Workers: 2
 Concurrent Refinement Workers: 8
 Periodic GC: Disabled
Heap:
 garbage-first heap   total 126976K, used 57311K [0x0000000704200000, 0x0000000800000000)
  region size 2048K, 1 young (2048K), 1 survivors (2048K)
 Metaspace       used 76953K, committed 77696K, reserved 1179648K
  class space    used 11144K, committed 11456K, reserved 1048576K
GC Heap History (20 events):
Event: 7.598 GC heap after
{Heap after GC invocations=16 (full 0):
 garbage-first heap   total 83968K, used 38974K [0x0000000704200000, 0x0000000800000000)
  region size 2048K, 3 young (6144K), 3 survivors (6144K)
 Metaspace       used 71664K, committed 72448K, reserved 1114112K
  class space    used 10104K, committed 10432K, reserved 1048576K
}
Event: 7.911 GC heap before
{Heap before GC invocations=16 (full 0):
 garbage-first heap   total 83968K, used 67646K [0x0000000704200000, 0x0000000800000000)
  region size 2048K, 18 young (36864K), 3 survivors (6144K)
 Metaspace       used 74886K, committed 75648K, reserved 1114112K
  class space    used 10730K, committed 11072K, reserved 1048576K
}
Event: 7.916 GC heap after
{Heap after GC invocations=17 (full 0):
 garbage-first heap   total 83968K, used 40875K [0x0000000704200000, 0x0000000800000000)
  region size 2048K, 3 young (6144K), 3 survivors (6144K)
 Metaspace       used 74886K, committed 75648K, reserved 1114112K
  class space    used 10730K, committed 11072K, reserved 1048576K
}
Event: 8.066 GC heap before
{Heap before GC invocations=18 (full 0):
 garbage-first heap   total 83968K, used 69547K [0x0000000704200000, 0x0000000800000000)
  region size 2048K, 17 young (34816K), 3 survivors (6144K)
 Metaspace       used 75473K, committed 76288K, reserved 1114112K
  class space    used 10911K, committed 11264K, reserved 1048576K
}
Event: 8.071 GC heap after
{Heap after GC invocations=19 (full 0):
 garbage-first heap   total 83968K, used 42937K [0x0000000704200000, 0x0000000800000000)
  region size 2048K, 2 young (4096K), 2 survivors (4096K)
 Metaspace       used 75473K, committed 76288K, reserved 1114112K
  class space    used 10911K, committed 11264K, reserved 1048576K
}
Event: 8.265 GC heap before
{Heap before GC invocations=19 (full 0):
 garbage-first heap   total 83968K, used 71609K [0x0000000704200000, 0x0000000800000000)
  region size 2048K, 17 young (34816K), 2 survivors (4096K)
 Metaspace       used 76600K, committed 77376K, reserved 1179648K
  class space    used 11097K, committed 11456K, reserved 1048576K
}
Event: 8.270 GC heap after
{Heap after GC invocations=20 (full 0):
 garbage-first heap   total 83968K, used 46422K [0x0000000704200000, 0x0000000800000000)
  region size 2048K, 3 young (6144K), 3 survivors (6144K)
 Metaspace       used 76600K, committed 77376K, reserved 1179648K
  class space    used 11097K, committed 11456K, reserved 1048576K
}
Event: 8.323 GC heap before
{Heap before GC invocations=20 (full 0):
 garbage-first heap   total 83968K, used 70998K [0x0000000704200000, 0x0000000800000000)
  region size 2048K, 15 young (30720K), 3 survivors (6144K)
 Metaspace       used 76601K, committed 77376K, reserved 1179648K
  class space    used 11097K, committed 11456K, reserved 1048576K
}
Event: 8.329 GC heap after
{Heap after GC invocations=21 (full 0):
 garbage-first heap   total 102400K, used 52127K [0x0000000704200000, 0x0000000800000000)
  region size 2048K, 2 young (4096K), 2 survivors (4096K)
 Metaspace       used 76601K, committed 77376K, reserved 1179648K
  class space    used 11097K, committed 11456K, reserved 1048576K
}
Event: 8.427 GC heap before
{Heap before GC invocations=22 (full 0):
 garbage-first heap   total 112640K, used 82847K [0x0000000704200000, 0x0000000800000000)
  region size 2048K, 17 young (34816K), 2 survivors (4096K)
 Metaspace       used 76601K, committed 77376K, reserved 1179648K
  class space    used 11097K, committed 11456K, reserved 1048576K
}
Event: 8.434 GC heap after
{Heap after GC invocations=23 (full 0):
 garbage-first heap   total 112640K, used 63935K [0x0000000704200000, 0x0000000800000000)
  region size 2048K, 3 young (6144K), 3 survivors (6144K)
 Metaspace       used 76601K, committed 77376K, reserved 1179648K
  class space    used 11097K, committed 11456K, reserved 1048576K
}
Event: 8.591 GC heap before
{Heap before GC invocations=23 (full 0):
 garbage-first heap   total 112640K, used 90559K [0x0000000704200000, 0x0000000800000000)
  region size 2048K, 16 young (32768K), 3 survivors (6144K)
 Metaspace       used 76735K, committed 77504K, reserved 1179648K
  class space    used 11123K, committed 11456K, reserved 1048576K
}
Event: 8.598 GC heap after
{Heap after GC invocations=24 (full 0):
 garbage-first heap   total 112640K, used 67423K [0x0000000704200000, 0x0000000800000000)
  region size 2048K, 2 young (4096K), 2 survivors (4096K)
 Metaspace       used 76735K, committed 77504K, reserved 1179648K
  class space    used 11123K, committed 11456K, reserved 1048576K
}
Event: 8.666 GC heap before
{Heap before GC invocations=24 (full 0):
 garbage-first heap   total 112640K, used 91999K [0x0000000704200000, 0x0000000800000000)
  region size 2048K, 14 young (28672K), 2 survivors (4096K)
 Metaspace       used 76748K, committed 77504K, reserved 1179648K
  class space    used 11124K, committed 11456K, reserved 1048576K
}
Event: 8.667 GC heap after
{Heap after GC invocations=25 (full 0):
 garbage-first heap   total 112640K, used 66254K [0x0000000704200000, 0x0000000800000000)
  region size 2048K, 1 young (2048K), 1 survivors (2048K)
 Metaspace       used 76748K, committed 77504K, reserved 1179648K
  class space    used 11124K, committed 11456K, reserved 1048576K
}
Event: 8.786 GC heap before
{Heap before GC invocations=26 (full 0):
 garbage-first heap   total 126976K, used 88782K [0x0000000704200000, 0x0000000800000000)
  region size 2048K, 15 young (30720K), 1 survivors (2048K)
 Metaspace       used 76749K, committed 77504K, reserved 1179648K
  class space    used 11124K, committed 11456K, reserved 1048576K
}
Event: 8.789 GC heap after
{Heap after GC invocations=27 (full 0):
 garbage-first heap   total 126976K, used 64755K [0x0000000704200000, 0x0000000800000000)
  region size 2048K, 2 young (4096K), 2 survivors (4096K)
 Metaspace       used 76749K, committed 77504K, reserved 1179648K
  class space    used 11124K, committed 11456K, reserved 1048576K
}
Event: 8.984 GC heap before
{Heap before GC invocations=27 (full 0):
 garbage-first heap   total 126976K, used 103667K [0x0000000704200000, 0x0000000800000000)
  region size 2048K, 21 young (43008K), 2 survivors (4096K)
 Metaspace       used 76953K, committed 77696K, reserved 1179648K
  class space    used 11144K, committed 11456K, reserved 1048576K
}
Event: 8.989 GC heap after
{Heap after GC invocations=28 (full 0):
 garbage-first heap   total 126976K, used 58134K [0x0000000704200000, 0x0000000800000000)
  region size 2048K, 3 young (6144K), 3 survivors (6144K)
 Metaspace       used 76953K, committed 77696K, reserved 1179648K
  class space    used 11144K, committed 11456K, reserved 1048576K
}
Event: 9.122 GC heap before
{Heap before GC invocations=28 (full 0):
 garbage-first heap   total 126976K, used 103190K [0x0000000704200000, 0x0000000800000000)
  region size 2048K, 25 young (51200K), 3 survivors (6144K)
 Metaspace       used 76953K, committed 77696K, reserved 1179648K
  class space    used 11144K, committed 11456K, reserved 1048576K
}

