# JRE version: Java(TM) SE Runtime Environment (21.0.6+8) (build 21.0.6+8-LTS-188)
# Java VM: Java HotSpot(TM) 64-Bit Server VM (21.0.6+8-LTS-188, mixed mode, emulated-client, sharing, tiered, compressed oops, compressed class ptrs, g1 gc, windows-amd64)
GC Precious Log:
 CardTable entry size: 512
 Card Set container configuration: InlinePtr #cards 4 size 8 Array Of Cards #cards 16 size 48 Howl #buckets 8 coarsen threshold 3686 Howl Bitmap #cards 512 size 80 coarsen threshold 460 Card regions per heap region 1 cards per card region 4096
 CPUs: 8 total, 8 available
 Memory: 16118M
 Large Page Support: Disabled
 NUMA Support: Disabled
 Compressed Oops: Enabled (Zero based)
 Heap Region Size: 2M
 Heap Min Capacity: 8M
 Heap Initial Capacity: 252M
 Heap Max Capacity: 4030M
 Pre-touch: Disabled
 Parallel Workers: 8
 Concurrent Workers: 2
 Concurrent Refinement Workers: 8
 Periodic GC: Disabled
Heap:
 garbage-first heap   total 116736K, used 52804K [0x0000000704200000, 0x0000000800000000)
  region size 2048K, 1 young (2048K), 1 survivors (2048K)
 Metaspace       used 77212K, committed 78016K, reserved 1179648K
  class space    used 11156K, committed 11520K, reserved 1048576K
GC Heap History (20 events):
Event: 6.130 GC heap after
{Heap after GC invocations=12 (full 0):
 garbage-first heap   total 92160K, used 31279K [0x0000000704200000, 0x0000000800000000)
  region size 2048K, 3 young (6144K), 3 survivors (6144K)
 Metaspace       used 56612K, committed 57216K, reserved 1114112K
  class space    used 7836K, committed 8128K, reserved 1048576K
}
Event: 6.918 GC heap before
{Heap before GC invocations=13 (full 0):
 garbage-first heap   total 92160K, used 76335K [0x0000000704200000, 0x0000000800000000)
  region size 2048K, 25 young (51200K), 3 survivors (6144K)
 Metaspace       used 63509K, committed 64192K, reserved 1114112K
  class space    used 8970K, committed 9280K, reserved 1048576K
}
Event: 6.921 GC heap after
{Heap after GC invocations=14 (full 0):
 garbage-first heap   total 92160K, used 32813K [0x0000000704200000, 0x0000000800000000)
  region size 2048K, 2 young (4096K), 2 survivors (4096K)
 Metaspace       used 63509K, committed 64192K, reserved 1114112K
  class space    used 8970K, committed 9280K, reserved 1048576K
}
Event: 7.500 GC heap before
{Heap before GC invocations=14 (full 0):
 garbage-first heap   total 92160K, used 77869K [0x0000000704200000, 0x0000000800000000)
  region size 2048K, 24 young (49152K), 2 survivors (4096K)
 Metaspace       used 69697K, committed 70400K, reserved 1114112K
  class space    used 9825K, committed 10176K, reserved 1048576K
}
Event: 7.506 GC heap after
{Heap after GC invocations=15 (full 0):
 garbage-first heap   total 92160K, used 36745K [0x0000000704200000, 0x0000000800000000)
  region size 2048K, 3 young (6144K), 3 survivors (6144K)
 Metaspace       used 69697K, committed 70400K, reserved 1114112K
  class space    used 9825K, committed 10176K, reserved 1048576K
}
Event: 7.936 GC heap before
{Heap before GC invocations=15 (full 0):
 garbage-first heap   total 92160K, used 79753K [0x0000000704200000, 0x0000000800000000)
  region size 2048K, 24 young (49152K), 3 survivors (6144K)
 Metaspace       used 73753K, committed 74560K, reserved 1114112K
  class space    used 10541K, committed 10880K, reserved 1048576K
}
Event: 7.941 GC heap after
{Heap after GC invocations=16 (full 0):
 garbage-first heap   total 92160K, used 40051K [0x0000000704200000, 0x0000000800000000)
  region size 2048K, 2 young (4096K), 2 survivors (4096K)
 Metaspace       used 73753K, committed 74560K, reserved 1114112K
  class space    used 10541K, committed 10880K, reserved 1048576K
}
Event: 8.206 GC heap before
{Heap before GC invocations=16 (full 0):
 garbage-first heap   total 92160K, used 78963K [0x0000000704200000, 0x0000000800000000)
  region size 2048K, 22 young (45056K), 2 survivors (4096K)
 Metaspace       used 76903K, committed 77696K, reserved 1179648K
  class space    used 11089K, committed 11456K, reserved 1048576K
}
Event: 8.209 GC heap after
{Heap after GC invocations=17 (full 0):
 garbage-first heap   total 92160K, used 41001K [0x0000000704200000, 0x0000000800000000)
  region size 2048K, 3 young (6144K), 3 survivors (6144K)
 Metaspace       used 76903K, committed 77696K, reserved 1179648K
  class space    used 11089K, committed 11456K, reserved 1048576K
}
Event: 8.335 GC heap before
{Heap before GC invocations=18 (full 0):
 garbage-first heap   total 92160K, used 77865K [0x0000000704200000, 0x0000000800000000)
  region size 2048K, 21 young (43008K), 3 survivors (6144K)
 Metaspace       used 76956K, committed 77760K, reserved 1179648K
  class space    used 11104K, committed 11456K, reserved 1048576K
}
Event: 8.339 GC heap after
{Heap after GC invocations=19 (full 0):
 garbage-first heap   total 92160K, used 44188K [0x0000000704200000, 0x0000000800000000)
  region size 2048K, 3 young (6144K), 3 survivors (6144K)
 Metaspace       used 76956K, committed 77760K, reserved 1179648K
  class space    used 11104K, committed 11456K, reserved 1048576K
}
Event: 8.403 GC heap before
{Heap before GC invocations=19 (full 0):
 garbage-first heap   total 92160K, used 76956K [0x0000000704200000, 0x0000000800000000)
  region size 2048K, 19 young (38912K), 3 survivors (6144K)
 Metaspace       used 76956K, committed 77760K, reserved 1179648K
  class space    used 11104K, committed 11456K, reserved 1048576K
}
Event: 8.411 GC heap after
{Heap after GC invocations=20 (full 0):
 garbage-first heap   total 116736K, used 53560K [0x0000000704200000, 0x0000000800000000)
  region size 2048K, 3 young (6144K), 3 survivors (6144K)
 Metaspace       used 76956K, committed 77760K, reserved 1179648K
  class space    used 11104K, committed 11456K, reserved 1048576K
}
Event: 8.558 GC heap before
{Heap before GC invocations=20 (full 0):
 garbage-first heap   total 116736K, used 94520K [0x0000000704200000, 0x0000000800000000)
  region size 2048K, 23 young (47104K), 3 survivors (6144K)
 Metaspace       used 77048K, committed 77824K, reserved 1179648K
  class space    used 11128K, committed 11456K, reserved 1048576K
}
Event: 8.562 GC heap after
{Heap after GC invocations=21 (full 0):
 garbage-first heap   total 116736K, used 57679K [0x0000000704200000, 0x0000000800000000)
  region size 2048K, 2 young (4096K), 2 survivors (4096K)
 Metaspace       used 77048K, committed 77824K, reserved 1179648K
  class space    used 11128K, committed 11456K, reserved 1048576K
}
Event: 8.631 GC heap before
{Heap before GC invocations=21 (full 0):
 garbage-first heap   total 116736K, used 96591K [0x0000000704200000, 0x0000000800000000)
  region size 2048K, 21 young (43008K), 2 survivors (4096K)
 Metaspace       used 77058K, committed 77824K, reserved 1179648K
  class space    used 11130K, committed 11456K, reserved 1048576K
}
Event: 8.634 GC heap after
{Heap after GC invocations=22 (full 0):
 garbage-first heap   total 116736K, used 59072K [0x0000000704200000, 0x0000000800000000)
  region size 2048K, 1 young (2048K), 1 survivors (2048K)
 Metaspace       used 77058K, committed 77824K, reserved 1179648K
  class space    used 11130K, committed 11456K, reserved 1048576K
}
Event: 8.770 GC heap before
{Heap before GC invocations=22 (full 0):
 garbage-first heap   total 116736K, used 100032K [0x0000000704200000, 0x0000000800000000)
  region size 2048K, 21 young (43008K), 1 survivors (2048K)
 Metaspace       used 77212K, committed 78016K, reserved 1179648K
  class space    used 11156K, committed 11520K, reserved 1048576K
}
Event: 8.773 GC heap after
{Heap after GC invocations=23 (full 0):
 garbage-first heap   total 116736K, used 60485K [0x0000000704200000, 0x0000000800000000)
  region size 2048K, 2 young (4096K), 2 survivors (4096K)
 Metaspace       used 77212K, committed 78016K, reserved 1179648K
  class space    used 11156K, committed 11520K, reserved 1048576K
}
Event: 8.892 GC heap before
{Heap before GC invocations=24 (full 0):
 garbage-first heap   total 116736K, used 95301K [0x0000000704200000, 0x0000000800000000)
  region size 2048K, 22 young (45056K), 2 survivors (4096K)
 Metaspace       used 77212K, committed 78016K, reserved 1179648K
  class space    used 11156K, committed 11520K, reserved 1048576K
}

