# JRE version: Java(TM) SE Runtime Environment (21.0.6+8) (build 21.0.6+8-LTS-188)
# Java VM: Java HotSpot(TM) 64-Bit Server VM (21.0.6+8-LTS-188, mixed mode, emulated-client, sharing, tiered, compressed oops, compressed class ptrs, g1 gc, windows-amd64)
GC Precious Log:
 CardTable entry size: 512
 Card Set container configuration: InlinePtr #cards 4 size 8 Array Of Cards #cards 16 size 48 Howl #buckets 8 coarsen threshold 3686 Howl Bitmap #cards 512 size 80 coarsen threshold 460 Card regions per heap region 1 cards per card region 4096
 CPUs: 8 total, 8 available
 Memory: 16118M
 Large Page Support: Disabled
 NUMA Support: Disabled
 Compressed Oops: Enabled (Zero based)
 Heap Region Size: 2M
 Heap Min Capacity: 8M
 Heap Initial Capacity: 252M
 Heap Max Capacity: 4030M
 Pre-touch: Disabled
 Parallel Workers: 8
 Concurrent Workers: 2
 Concurrent Refinement Workers: 8
 Periodic GC: Disabled
Heap:
 garbage-first heap   total 215040K, used 69279K [0x0000000704200000, 0x0000000800000000)
  region size 2048K, 2 young (4096K), 2 survivors (4096K)
 Metaspace       used 76747K, committed 77504K, reserved 1179648K
  class space    used 11124K, committed 11456K, reserved 1048576K
GC Heap History (20 events):
Event: 5.661 GC heap after
{Heap after GC invocations=12 (full 0):
 garbage-first heap   total 83968K, used 31405K [0x0000000704200000, 0x0000000800000000)
  region size 2048K, 1 young (2048K), 1 survivors (2048K)
 Metaspace       used 55648K, committed 56320K, reserved 1114112K
  class space    used 7726K, committed 8064K, reserved 1048576K
}
Event: 6.576 GC heap before
{Heap before GC invocations=13 (full 0):
 garbage-first heap   total 83968K, used 70317K [0x0000000704200000, 0x0000000800000000)
  region size 2048K, 20 young (40960K), 1 survivors (2048K)
 Metaspace       used 63430K, committed 64128K, reserved 1114112K
  class space    used 8954K, committed 9280K, reserved 1048576K
}
Event: 6.579 GC heap after
{Heap after GC invocations=14 (full 0):
 garbage-first heap   total 83968K, used 32559K [0x0000000704200000, 0x0000000800000000)
  region size 2048K, 2 young (4096K), 2 survivors (4096K)
 Metaspace       used 63430K, committed 64128K, reserved 1114112K
  class space    used 8954K, committed 9280K, reserved 1048576K
}
Event: 7.107 GC heap before
{Heap before GC invocations=14 (full 0):
 garbage-first heap   total 83968K, used 71471K [0x0000000704200000, 0x0000000800000000)
  region size 2048K, 21 young (43008K), 2 survivors (4096K)
 Metaspace       used 67655K, committed 68352K, reserved 1114112K
  class space    used 9544K, committed 9856K, reserved 1048576K
}
Event: 7.112 GC heap after
{Heap after GC invocations=15 (full 0):
 garbage-first heap   total 83968K, used 34957K [0x0000000704200000, 0x0000000800000000)
  region size 2048K, 3 young (6144K), 3 survivors (6144K)
 Metaspace       used 67655K, committed 68352K, reserved 1114112K
  class space    used 9544K, committed 9856K, reserved 1048576K
}
Event: 7.816 GC heap before
{Heap before GC invocations=15 (full 0):
 garbage-first heap   total 83968K, used 69773K [0x0000000704200000, 0x0000000800000000)
  region size 2048K, 20 young (40960K), 3 survivors (6144K)
 Metaspace       used 71634K, committed 72384K, reserved 1114112K
  class space    used 10100K, committed 10432K, reserved 1048576K
}
Event: 7.823 GC heap after
{Heap after GC invocations=16 (full 0):
 garbage-first heap   total 83968K, used 38108K [0x0000000704200000, 0x0000000800000000)
  region size 2048K, 3 young (6144K), 3 survivors (6144K)
 Metaspace       used 71634K, committed 72384K, reserved 1114112K
  class space    used 10100K, committed 10432K, reserved 1048576K
}
Event: 8.340 GC heap before
{Heap before GC invocations=16 (full 0):
 garbage-first heap   total 83968K, used 68828K [0x0000000704200000, 0x0000000800000000)
  region size 2048K, 19 young (38912K), 3 survivors (6144K)
 Metaspace       used 75521K, committed 76288K, reserved 1114112K
  class space    used 10911K, committed 11264K, reserved 1048576K
}
Event: 8.346 GC heap after
{Heap after GC invocations=17 (full 0):
 garbage-first heap   total 83968K, used 39820K [0x0000000704200000, 0x0000000800000000)
  region size 2048K, 3 young (6144K), 3 survivors (6144K)
 Metaspace       used 75521K, committed 76288K, reserved 1114112K
  class space    used 10911K, committed 11264K, reserved 1048576K
}
Event: 8.513 GC heap before
{Heap before GC invocations=18 (full 0):
 garbage-first heap   total 83968K, used 66444K [0x0000000704200000, 0x0000000800000000)
  region size 2048K, 17 young (34816K), 3 survivors (6144K)
 Metaspace       used 75521K, committed 76288K, reserved 1114112K
  class space    used 10911K, committed 11264K, reserved 1048576K
}
Event: 8.517 GC heap after
{Heap after GC invocations=19 (full 0):
 garbage-first heap   total 83968K, used 41002K [0x0000000704200000, 0x0000000800000000)
  region size 2048K, 2 young (4096K), 2 survivors (4096K)
 Metaspace       used 75521K, committed 76288K, reserved 1114112K
  class space    used 10911K, committed 11264K, reserved 1048576K
}
Event: 8.790 GC heap before
{Heap before GC invocations=19 (full 0):
 garbage-first heap   total 83968K, used 71722K [0x0000000704200000, 0x0000000800000000)
  region size 2048K, 17 young (34816K), 2 survivors (4096K)
 Metaspace       used 76605K, committed 77376K, reserved 1179648K
  class space    used 11098K, committed 11456K, reserved 1048576K
}
Event: 8.797 GC heap after
{Heap after GC invocations=20 (full 0):
 garbage-first heap   total 83968K, used 46064K [0x0000000704200000, 0x0000000800000000)
  region size 2048K, 3 young (6144K), 3 survivors (6144K)
 Metaspace       used 76605K, committed 77376K, reserved 1179648K
  class space    used 11098K, committed 11456K, reserved 1048576K
}
Event: 8.872 GC heap before
{Heap before GC invocations=20 (full 0):
 garbage-first heap   total 83968K, used 70640K [0x0000000704200000, 0x0000000800000000)
  region size 2048K, 15 young (30720K), 3 survivors (6144K)
 Metaspace       used 76606K, committed 77376K, reserved 1179648K
  class space    used 11098K, committed 11456K, reserved 1048576K
}
Event: 8.878 GC heap after
{Heap after GC invocations=21 (full 0):
 garbage-first heap   total 83968K, used 51859K [0x0000000704200000, 0x0000000800000000)
  region size 2048K, 2 young (4096K), 2 survivors (4096K)
 Metaspace       used 76606K, committed 77376K, reserved 1179648K
  class space    used 11098K, committed 11456K, reserved 1048576K
}
Event: 8.962 GC heap before
{Heap before GC invocations=22 (full 0):
 garbage-first heap   total 110592K, used 70291K [0x0000000704200000, 0x0000000800000000)
  region size 2048K, 11 young (22528K), 2 survivors (4096K)
 Metaspace       used 76606K, committed 77376K, reserved 1179648K
  class space    used 11098K, committed 11456K, reserved 1048576K
}
Event: 8.969 GC heap after
{Heap after GC invocations=23 (full 0):
 garbage-first heap   total 110592K, used 60275K [0x0000000704200000, 0x0000000800000000)
  region size 2048K, 2 young (4096K), 2 survivors (4096K)
 Metaspace       used 76606K, committed 77376K, reserved 1179648K
  class space    used 11098K, committed 11456K, reserved 1048576K
}
Event: 9.168 GC heap before
{Heap before GC invocations=23 (full 0):
 garbage-first heap   total 110592K, used 86899K [0x0000000704200000, 0x0000000800000000)
  region size 2048K, 15 young (30720K), 2 survivors (4096K)
 Metaspace       used 76733K, committed 77504K, reserved 1179648K
  class space    used 11123K, committed 11456K, reserved 1048576K
}
Event: 9.176 GC heap after
{Heap after GC invocations=24 (full 0):
 garbage-first heap   total 110592K, used 65875K [0x0000000704200000, 0x0000000800000000)
  region size 2048K, 2 young (4096K), 2 survivors (4096K)
 Metaspace       used 76733K, committed 77504K, reserved 1179648K
  class space    used 11123K, committed 11456K, reserved 1048576K
}
Event: 9.270 GC heap before
{Heap before GC invocations=24 (full 0):
 garbage-first heap   total 110592K, used 90451K [0x0000000704200000, 0x0000000800000000)
  region size 2048K, 14 young (28672K), 2 survivors (4096K)
 Metaspace       used 76747K, committed 77504K, reserved 1179648K
  class space    used 11124K, committed 11456K, reserved 1048576K
}

