# JRE version: Java(TM) SE Runtime Environment (21.0.6+8) (build 21.0.6+8-LTS-188)
# Java VM: Java HotSpot(TM) 64-Bit Server VM (21.0.6+8-LTS-188, mixed mode, emulated-client, sharing, tiered, compressed oops, compressed class ptrs, g1 gc, windows-amd64)
GC Precious Log:
 CardTable entry size: 512
 Card Set container configuration: InlinePtr #cards 4 size 8 Array Of Cards #cards 16 size 48 Howl #buckets 8 coarsen threshold 3686 Howl Bitmap #cards 512 size 80 coarsen threshold 460 Card regions per heap region 1 cards per card region 4096
 CPUs: 8 total, 8 available
 Memory: 16118M
 Large Page Support: Disabled
 NUMA Support: Disabled
 Compressed Oops: Enabled (Zero based)
 Heap Region Size: 2M
 Heap Min Capacity: 8M
 Heap Initial Capacity: 252M
 Heap Max Capacity: 4030M
 Pre-touch: Disabled
 Parallel Workers: 8
 Concurrent Workers: 2
 Concurrent Refinement Workers: 8
 Periodic GC: Disabled
Heap:
 garbage-first heap   total 61440K, used 27428K [0x0000000704200000, 0x0000000800000000)
  region size 2048K, 2 young (4096K), 2 survivors (4096K)
 Metaspace       used 40530K, committed 41216K, reserved 1114112K
  class space    used 5712K, committed 6016K, reserved 1048576K
GC Heap History (19 events):
Event: 1.165 GC heap before
{Heap before GC invocations=0 (full 0):
 garbage-first heap   total 258048K, used 20480K [0x0000000704200000, 0x0000000800000000)
  region size 2048K, 11 young (22528K), 0 survivors (0K)
 Metaspace       used 5554K, committed 5696K, reserved 1114112K
  class space    used 626K, committed 704K, reserved 1048576K
}
Event: 1.174 GC heap after
{Heap after GC invocations=1 (full 0):
 garbage-first heap   total 258048K, used 9663K [0x0000000704200000, 0x0000000800000000)
  region size 2048K, 2 young (4096K), 2 survivors (4096K)
 Metaspace       used 5554K, committed 5696K, reserved 1114112K
  class space    used 626K, committed 704K, reserved 1048576K
}
Event: 2.060 GC heap before
{Heap before GC invocations=1 (full 0):
 garbage-first heap   total 258048K, used 28095K [0x0000000704200000, 0x0000000800000000)
  region size 2048K, 11 young (22528K), 2 survivors (4096K)
 Metaspace       used 10569K, committed 10880K, reserved 1114112K
  class space    used 1344K, committed 1472K, reserved 1048576K
}
Event: 2.064 GC heap after
{Heap after GC invocations=2 (full 0):
 garbage-first heap   total 258048K, used 12013K [0x0000000704200000, 0x0000000800000000)
  region size 2048K, 1 young (2048K), 1 survivors (2048K)
 Metaspace       used 10569K, committed 10880K, reserved 1114112K
  class space    used 1344K, committed 1472K, reserved 1048576K
}
Event: 2.889 GC heap before
{Heap before GC invocations=2 (full 0):
 garbage-first heap   total 258048K, used 55021K [0x0000000704200000, 0x0000000800000000)
  region size 2048K, 23 young (47104K), 1 survivors (2048K)
 Metaspace       used 19633K, committed 20096K, reserved 1114112K
  class space    used 2667K, committed 2880K, reserved 1048576K
}
Event: 2.896 GC heap after
{Heap after GC invocations=3 (full 0):
 garbage-first heap   total 258048K, used 15221K [0x0000000704200000, 0x0000000800000000)
  region size 2048K, 3 young (6144K), 3 survivors (6144K)
 Metaspace       used 19633K, committed 20096K, reserved 1114112K
  class space    used 2667K, committed 2880K, reserved 1048576K
}
Event: 3.384 GC heap before
{Heap before GC invocations=4 (full 0):
 garbage-first heap   total 61440K, used 43893K [0x0000000704200000, 0x0000000800000000)
  region size 2048K, 18 young (36864K), 3 survivors (6144K)
 Metaspace       used 24213K, committed 24640K, reserved 1114112K
  class space    used 3245K, committed 3456K, reserved 1048576K
}
Event: 3.393 GC heap after
{Heap after GC invocations=5 (full 0):
 garbage-first heap   total 61440K, used 18742K [0x0000000704200000, 0x0000000800000000)
  region size 2048K, 2 young (4096K), 2 survivors (4096K)
 Metaspace       used 24213K, committed 24640K, reserved 1114112K
  class space    used 3245K, committed 3456K, reserved 1048576K
}
Event: 4.018 GC heap before
{Heap before GC invocations=5 (full 0):
 garbage-first heap   total 61440K, used 43318K [0x0000000704200000, 0x0000000800000000)
  region size 2048K, 14 young (28672K), 2 survivors (4096K)
 Metaspace       used 26378K, committed 26816K, reserved 1114112K
  class space    used 3562K, committed 3776K, reserved 1048576K
}
Event: 4.026 GC heap after
{Heap after GC invocations=6 (full 0):
 garbage-first heap   total 61440K, used 20609K [0x0000000704200000, 0x0000000800000000)
  region size 2048K, 2 young (4096K), 2 survivors (4096K)
 Metaspace       used 26378K, committed 26816K, reserved 1114112K
  class space    used 3562K, committed 3776K, reserved 1048576K
}
Event: 4.560 GC heap before
{Heap before GC invocations=6 (full 0):
 garbage-first heap   total 61440K, used 45185K [0x0000000704200000, 0x0000000800000000)
  region size 2048K, 14 young (28672K), 2 survivors (4096K)
 Metaspace       used 29487K, committed 29952K, reserved 1114112K
  class space    used 4081K, committed 4288K, reserved 1048576K
}
Event: 4.566 GC heap after
{Heap after GC invocations=7 (full 0):
 garbage-first heap   total 61440K, used 22589K [0x0000000704200000, 0x0000000800000000)
  region size 2048K, 1 young (2048K), 1 survivors (2048K)
 Metaspace       used 29487K, committed 29952K, reserved 1114112K
  class space    used 4081K, committed 4288K, reserved 1048576K
}
Event: 5.157 GC heap before
{Heap before GC invocations=7 (full 0):
 garbage-first heap   total 61440K, used 47165K [0x0000000704200000, 0x0000000800000000)
  region size 2048K, 13 young (26624K), 1 survivors (2048K)
 Metaspace       used 32290K, committed 32832K, reserved 1114112K
  class space    used 4519K, committed 4736K, reserved 1048576K
}
Event: 5.174 GC heap after
{Heap after GC invocations=8 (full 0):
 garbage-first heap   total 61440K, used 24425K [0x0000000704200000, 0x0000000800000000)
  region size 2048K, 2 young (4096K), 2 survivors (4096K)
 Metaspace       used 32290K, committed 32832K, reserved 1114112K
  class space    used 4519K, committed 4736K, reserved 1048576K
}
Event: 5.392 GC heap before
{Heap before GC invocations=8 (full 0):
 garbage-first heap   total 61440K, used 28521K [0x0000000704200000, 0x0000000800000000)
  region size 2048K, 5 young (10240K), 2 survivors (4096K)
 Metaspace       used 33110K, committed 33600K, reserved 1114112K
  class space    used 4646K, committed 4864K, reserved 1048576K
}
Event: 5.406 GC heap after
{Heap after GC invocations=9 (full 0):
 garbage-first heap   total 61440K, used 25195K [0x0000000704200000, 0x0000000800000000)
  region size 2048K, 2 young (4096K), 2 survivors (4096K)
 Metaspace       used 33110K, committed 33600K, reserved 1114112K
  class space    used 4646K, committed 4864K, reserved 1048576K
}
Event: 6.211 GC heap before
{Heap before GC invocations=10 (full 0):
 garbage-first heap   total 61440K, used 49771K [0x0000000704200000, 0x0000000800000000)
  region size 2048K, 14 young (28672K), 2 survivors (4096K)
 Metaspace       used 36370K, committed 36992K, reserved 1114112K
  class space    used 5099K, committed 5376K, reserved 1048576K
}
Event: 6.229 GC heap after
{Heap after GC invocations=11 (full 0):
 garbage-first heap   total 61440K, used 26871K [0x0000000704200000, 0x0000000800000000)
  region size 2048K, 2 young (4096K), 2 survivors (4096K)
 Metaspace       used 36370K, committed 36992K, reserved 1114112K
  class space    used 5099K, committed 5376K, reserved 1048576K
}
Event: 6.798 GC heap before
{Heap before GC invocations=11 (full 0):
 garbage-first heap   total 61440K, used 51447K [0x0000000704200000, 0x0000000800000000)
  region size 2048K, 14 young (28672K), 2 survivors (4096K)
 Metaspace       used 40530K, committed 41216K, reserved 1114112K
  class space    used 5712K, committed 6016K, reserved 1048576K
}

