# JRE version: Java(TM) SE Runtime Environment (21.0.6+8) (build 21.0.6+8-LTS-188)
# Java VM: Java HotSpot(TM) 64-Bit Server VM (21.0.6+8-LTS-188, mixed mode, emulated-client, sharing, tiered, compressed oops, compressed class ptrs, g1 gc, windows-amd64)
GC Precious Log:
 CardTable entry size: 512
 Card Set container configuration: InlinePtr #cards 4 size 8 Array Of Cards #cards 16 size 48 Howl #buckets 8 coarsen threshold 3686 Howl Bitmap #cards 512 size 80 coarsen threshold 460 Card regions per heap region 1 cards per card region 4096
 CPUs: 8 total, 8 available
 Memory: 16118M
 Large Page Support: Disabled
 NUMA Support: Disabled
 Compressed Oops: Enabled (Zero based)
 Heap Region Size: 2M
 Heap Min Capacity: 8M
 Heap Initial Capacity: 252M
 Heap Max Capacity: 4030M
 Pre-touch: Disabled
 Parallel Workers: 8
 Concurrent Workers: 2
 Concurrent Refinement Workers: 8
 Periodic GC: Disabled
Heap:
 garbage-first heap   total 112640K, used 63965K [0x0000000704200000, 0x0000000800000000)
  region size 2048K, 1 young (2048K), 1 survivors (2048K)
 Metaspace       used 77042K, committed 77760K, reserved 1179648K
  class space    used 11152K, committed 11456K, reserved 1048576K
GC Heap History (20 events):
Event: 4.190 GC heap after
{Heap after GC invocations=12 (full 0):
 garbage-first heap   total 83968K, used 32378K [0x0000000704200000, 0x0000000800000000)
  region size 2048K, 1 young (2048K), 1 survivors (2048K)
 Metaspace       used 56641K, committed 57280K, reserved 1114112K
  class space    used 7840K, committed 8128K, reserved 1048576K
}
Event: 4.688 GC heap before
{Heap before GC invocations=13 (full 0):
 garbage-first heap   total 83968K, used 73338K [0x0000000704200000, 0x0000000800000000)
  region size 2048K, 21 young (43008K), 1 survivors (2048K)
 Metaspace       used 63514K, committed 64192K, reserved 1114112K
  class space    used 8969K, committed 9280K, reserved 1048576K
}
Event: 4.689 GC heap after
{Heap after GC invocations=14 (full 0):
 garbage-first heap   total 83968K, used 33306K [0x0000000704200000, 0x0000000800000000)
  region size 2048K, 2 young (4096K), 2 survivors (4096K)
 Metaspace       used 63514K, committed 64192K, reserved 1114112K
  class space    used 8969K, committed 9280K, reserved 1048576K
}
Event: 5.079 GC heap before
{Heap before GC invocations=14 (full 0):
 garbage-first heap   total 83968K, used 72218K [0x0000000704200000, 0x0000000800000000)
  region size 2048K, 21 young (43008K), 2 survivors (4096K)
 Metaspace       used 68628K, committed 69376K, reserved 1114112K
  class space    used 9644K, committed 9984K, reserved 1048576K
}
Event: 5.084 GC heap after
{Heap after GC invocations=15 (full 0):
 garbage-first heap   total 83968K, used 35971K [0x0000000704200000, 0x0000000800000000)
  region size 2048K, 3 young (6144K), 3 survivors (6144K)
 Metaspace       used 68628K, committed 69376K, reserved 1114112K
  class space    used 9644K, committed 9984K, reserved 1048576K
}
Event: 5.398 GC heap before
{Heap before GC invocations=15 (full 0):
 garbage-first heap   total 83968K, used 70787K [0x0000000704200000, 0x0000000800000000)
  region size 2048K, 20 young (40960K), 3 survivors (6144K)
 Metaspace       used 72918K, committed 73664K, reserved 1114112K
  class space    used 10424K, committed 10752K, reserved 1048576K
}
Event: 5.403 GC heap after
{Heap after GC invocations=16 (full 0):
 garbage-first heap   total 83968K, used 38826K [0x0000000704200000, 0x0000000800000000)
  region size 2048K, 3 young (6144K), 3 survivors (6144K)
 Metaspace       used 72918K, committed 73664K, reserved 1114112K
  class space    used 10424K, committed 10752K, reserved 1048576K
}
Event: 5.574 GC heap before
{Heap before GC invocations=16 (full 0):
 garbage-first heap   total 83968K, used 69546K [0x0000000704200000, 0x0000000800000000)
  region size 2048K, 19 young (38912K), 3 survivors (6144K)
 Metaspace       used 74712K, committed 75392K, reserved 1114112K
  class space    used 10801K, committed 11072K, reserved 1048576K
}
Event: 5.579 GC heap after
{Heap after GC invocations=17 (full 0):
 garbage-first heap   total 102400K, used 42626K [0x0000000704200000, 0x0000000800000000)
  region size 2048K, 3 young (6144K), 3 survivors (6144K)
 Metaspace       used 74712K, committed 75392K, reserved 1114112K
  class space    used 10801K, committed 11072K, reserved 1048576K
}
Event: 5.664 GC heap before
{Heap before GC invocations=18 (full 0):
 garbage-first heap   total 102400K, used 87682K [0x0000000704200000, 0x0000000800000000)
  region size 2048K, 25 young (51200K), 3 survivors (6144K)
 Metaspace       used 74713K, committed 75392K, reserved 1114112K
  class space    used 10801K, committed 11072K, reserved 1048576K
}
Event: 5.667 GC heap after
{Heap after GC invocations=19 (full 0):
 garbage-first heap   total 102400K, used 45019K [0x0000000704200000, 0x0000000800000000)
  region size 2048K, 3 young (6144K), 3 survivors (6144K)
 Metaspace       used 74713K, committed 75392K, reserved 1114112K
  class space    used 10801K, committed 11072K, reserved 1048576K
}
Event: 5.924 GC heap before
{Heap before GC invocations=19 (full 0):
 garbage-first heap   total 102400K, used 83931K [0x0000000704200000, 0x0000000800000000)
  region size 2048K, 23 young (47104K), 3 survivors (6144K)
 Metaspace       used 76665K, committed 77376K, reserved 1179648K
  class space    used 11103K, committed 11392K, reserved 1048576K
}
Event: 5.928 GC heap after
{Heap after GC invocations=20 (full 0):
 garbage-first heap   total 102400K, used 46889K [0x0000000704200000, 0x0000000800000000)
  region size 2048K, 2 young (4096K), 2 survivors (4096K)
 Metaspace       used 76665K, committed 77376K, reserved 1179648K
  class space    used 11103K, committed 11392K, reserved 1048576K
}
Event: 5.994 GC heap before
{Heap before GC invocations=20 (full 0):
 garbage-first heap   total 102400K, used 87849K [0x0000000704200000, 0x0000000800000000)
  region size 2048K, 22 young (45056K), 2 survivors (4096K)
 Metaspace       used 76685K, committed 77376K, reserved 1179648K
  class space    used 11108K, committed 11392K, reserved 1048576K
}
Event: 5.999 GC heap after
{Heap after GC invocations=21 (full 0):
 garbage-first heap   total 102400K, used 51505K [0x0000000704200000, 0x0000000800000000)
  region size 2048K, 3 young (6144K), 3 survivors (6144K)
 Metaspace       used 76685K, committed 77376K, reserved 1179648K
  class space    used 11108K, committed 11392K, reserved 1048576K
}
Event: 6.104 GC heap before
{Heap before GC invocations=22 (full 0):
 garbage-first heap   total 112640K, used 86321K [0x0000000704200000, 0x0000000800000000)
  region size 2048K, 20 young (40960K), 3 survivors (6144K)
 Metaspace       used 76795K, committed 77504K, reserved 1179648K
  class space    used 11129K, committed 11456K, reserved 1048576K
}
Event: 6.111 GC heap after
{Heap after GC invocations=23 (full 0):
 garbage-first heap   total 112640K, used 61569K [0x0000000704200000, 0x0000000800000000)
  region size 2048K, 3 young (6144K), 3 survivors (6144K)
 Metaspace       used 76795K, committed 77504K, reserved 1179648K
  class space    used 11129K, committed 11456K, reserved 1048576K
}
Event: 6.174 GC heap before
{Heap before GC invocations=23 (full 0):
 garbage-first heap   total 112640K, used 92289K [0x0000000704200000, 0x0000000800000000)
  region size 2048K, 18 young (36864K), 3 survivors (6144K)
 Metaspace       used 76850K, committed 77568K, reserved 1179648K
  class space    used 11136K, committed 11456K, reserved 1048576K
}
Event: 6.180 GC heap after
{Heap after GC invocations=24 (full 0):
 garbage-first heap   total 112640K, used 67028K [0x0000000704200000, 0x0000000800000000)
  region size 2048K, 3 young (6144K), 3 survivors (6144K)
 Metaspace       used 76850K, committed 77568K, reserved 1179648K
  class space    used 11136K, committed 11456K, reserved 1048576K
}
Event: 6.272 GC heap before
{Heap before GC invocations=24 (full 0):
 garbage-first heap   total 112640K, used 95700K [0x0000000704200000, 0x0000000800000000)
  region size 2048K, 17 young (34816K), 3 survivors (6144K)
 Metaspace       used 77042K, committed 77760K, reserved 1179648K
  class space    used 11152K, committed 11456K, reserved 1048576K
}

